<?xml version="1.0" encoding="UTF-8"?>
<coverage generated="1665024658464" clover="3.2.0">
  <project timestamp="1665024658464" name="All files">
    <metrics statements="11" coveredstatements="10" conditionals="0" coveredconditionals="0" methods="8" coveredmethods="7" elements="19" coveredelements="17" complexity="0" loc="11" ncloc="11" packages="1" files="3" classes="3"/>
    <file name="api.tsx" path="/Users/alexshan/Desktop/Codes/github/unit-test/src/api.tsx">
      <metrics statements="7" coveredstatements="7" conditionals="0" coveredconditionals="0" methods="5" coveredmethods="5"/>
      <line num="1" count="1" type="stmt"/>
      <line num="2" count="1" type="stmt"/>
      <line num="3" count="1" type="stmt"/>
      <line num="7" count="1" type="stmt"/>
      <line num="8" count="3" type="stmt"/>
      <line num="9" count="3" type="stmt"/>
      <line num="10" count="2" type="stmt"/>
    </file>
    <file name="dom-utils.tsx" path="/Users/alexshan/Desktop/Codes/github/unit-test/src/dom-utils.tsx">
      <metrics statements="2" coveredstatements="2" conditionals="0" coveredconditionals="0" methods="2" coveredmethods="2"/>
      <line num="2" count="1" type="stmt"/>
      <line num="6" count="1" type="stmt"/>
    </file>
    <file name="sum.ts" path="/Users/alexshan/Desktop/Codes/github/unit-test/src/sum.ts">
      <metrics statements="2" coveredstatements="1" conditionals="0" coveredconditionals="0" methods="1" coveredmethods="0"/>
      <line num="2" count="0" type="stmt"/>
      <line num="4" count="1" type="stmt"/>
    </file>
  </project>
</coverage>
